2022-10-16 16:41:41,496 [main] INFO mopCommerce_V001_Cucumber - *******    Launching Browser     *******
2022-10-16 16:41:43,646 [main] INFO mopCommerce_V001_Cucumber - *******      Opening URL      *******
2022-10-16 16:41:53,790 [main] INFO mopCommerce_V001_Cucumber - *******      Setting email id & passsword      *******
2022-10-16 16:41:55,114 [main] INFO mopCommerce_V001_Cucumber - *******     Logging in the account       *******
2022-10-16 16:42:04,938 [main] INFO mopCommerce_V001_Cucumber - *******     Confirming the page title       *******
2022-10-16 16:42:05,213 [main] INFO mopCommerce_V001_Cucumber - *******      Clicking the Customer menu      *******
2022-10-16 16:42:05,639 [main] INFO mopCommerce_V001_Cucumber - *******      Clicking the Customer menu item      *******
2022-10-16 16:42:09,749 [main] INFO mopCommerce_V001_Cucumber - *******     Clicking add new customer button      *******
2022-10-16 16:42:23,096 [main] INFO mopCommerce_V001_Cucumber - *******      Confirming the add new customer page      *******
2022-10-16 16:42:23,117 [main] INFO mopCommerce_V001_Cucumber - *******      Providing the customer info      *******
2022-10-16 16:42:44,116 [main] INFO mopCommerce_V001_Cucumber - *******      Clicking the Save button      *******
2022-10-16 16:42:50,278 [main] INFO mopCommerce_V001_Cucumber - *******      Confirming the Save confirmation message       *******
2022-10-16 16:42:51,053 [main] INFO mopCommerce_V001_Cucumber - *******      Closing the browser      *******
2022-10-16 16:43:15,174 [main] INFO mopCommerce_V001_Cucumber - *******    Launching Browser     *******
2022-10-16 16:43:15,180 [main] INFO mopCommerce_V001_Cucumber - *******      Opening URL      *******
2022-10-16 16:43:21,535 [main] INFO mopCommerce_V001_Cucumber - *******      Setting email id & passsword      *******
2022-10-16 16:43:22,009 [main] INFO mopCommerce_V001_Cucumber - *******     Logging in the account       *******
2022-10-16 16:43:31,475 [main] INFO mopCommerce_V001_Cucumber - *******     Confirming the page title       *******
2022-10-16 16:43:31,494 [main] INFO mopCommerce_V001_Cucumber - *******      Clicking the Customer menu      *******
2022-10-16 16:43:31,666 [main] INFO mopCommerce_V001_Cucumber - *******      Clicking the Customer menu item      *******
2022-10-16 16:43:34,359 [main] INFO mopCommerce_V001_Cucumber - *******      Entering the customer email to search      *******
2022-10-16 16:43:34,689 [main] INFO mopCommerce_V001_Cucumber - *******      Clicking the Search button      *******
2022-10-16 16:43:39,795 [main] INFO mopCommerce_V001_Cucumber - *******      Confirming if the customer email s present in the search table     *******
2022-10-17 11:09:05,364 [main] INFO mopCommerce_V001_Cucumber - *******    Launching Browser     *******
2022-10-17 11:09:06,304 [main] INFO mopCommerce_V001_Cucumber - *******      Opening URL      *******
2022-10-17 11:09:14,596 [main] INFO mopCommerce_V001_Cucumber - *******      Setting email id & passsword      *******
2022-10-17 11:09:17,697 [main] INFO mopCommerce_V001_Cucumber - *******     Logging in the account       *******
2022-10-17 11:09:36,506 [main] INFO mopCommerce_V001_Cucumber - *******     Confirming the page title       *******
2022-10-17 11:09:36,682 [main] INFO mopCommerce_V001_Cucumber - *******      Clicking the Customer menu      *******
2022-10-17 11:09:36,837 [main] INFO mopCommerce_V001_Cucumber - *******      Clicking the Customer menu item      *******
2022-10-17 11:09:46,359 [main] INFO mopCommerce_V001_Cucumber - *******      Entering the customer email to search      *******
2022-10-17 11:09:47,184 [main] INFO mopCommerce_V001_Cucumber - *******      Clicking the Search button      *******
2022-10-17 11:09:52,417 [main] INFO mopCommerce_V001_Cucumber - *******      Confirming if the customer email s present in the search table     *******
2022-10-17 11:34:51,148 [main] INFO mopCommerce_V001_Cucumber - *******    Launching Browser     *******
2022-10-17 11:34:52,316 [main] INFO mopCommerce_V001_Cucumber - *******      Opening URL      *******
2022-10-17 11:35:06,356 [main] INFO mopCommerce_V001_Cucumber - *******      Setting email id & passsword      *******
2022-10-17 11:35:08,629 [main] INFO mopCommerce_V001_Cucumber - *******     Logging in the account       *******
2022-10-17 11:35:19,022 [main] INFO mopCommerce_V001_Cucumber - *******     Confirming the page title       *******
2022-10-17 11:35:19,125 [main] INFO mopCommerce_V001_Cucumber - *******      Clicking the Customer menu      *******
2022-10-17 11:35:19,402 [main] INFO mopCommerce_V001_Cucumber - *******      Clicking the Customer menu item      *******
2022-10-17 11:35:26,557 [main] INFO mopCommerce_V001_Cucumber - *******     Clicking add new customer button      *******
2022-10-17 11:35:39,574 [main] INFO mopCommerce_V001_Cucumber - *******      Confirming the add new customer page      *******
2022-10-17 11:35:39,587 [main] INFO mopCommerce_V001_Cucumber - *******      Providing the customer info      *******
2022-10-17 11:35:59,137 [main] INFO mopCommerce_V001_Cucumber - *******      Clicking the Save button      *******
2022-10-17 11:36:06,029 [main] INFO mopCommerce_V001_Cucumber - *******      Confirming the Save confirmation message       *******
2022-10-17 11:36:07,365 [main] INFO mopCommerce_V001_Cucumber - *******      Closing the browser      *******
2022-10-17 11:36:35,521 [main] INFO mopCommerce_V001_Cucumber - *******    Launching Browser     *******
2022-10-17 11:36:35,535 [main] INFO mopCommerce_V001_Cucumber - *******      Opening URL      *******
2022-10-17 11:36:44,014 [main] INFO mopCommerce_V001_Cucumber - *******      Setting email id & passsword      *******
2022-10-17 11:36:44,513 [main] INFO mopCommerce_V001_Cucumber - *******     Logging in the account       *******
2022-10-17 11:36:53,055 [main] INFO mopCommerce_V001_Cucumber - *******     Confirming the page title       *******
2022-10-17 11:36:53,067 [main] INFO mopCommerce_V001_Cucumber - *******      Logging out      *******
2022-10-17 11:36:55,502 [main] INFO mopCommerce_V001_Cucumber - *******     Confirming the page title       *******
2022-10-17 11:36:55,511 [main] INFO mopCommerce_V001_Cucumber - *******      Closing the browser      *******
2022-10-17 12:16:53,995 [main] INFO mopCommerce_V001_Cucumber - *******    Launching Browser     *******
2022-10-17 12:16:55,100 [main] INFO mopCommerce_V001_Cucumber - *******      Opening URL      *******
2022-10-17 12:17:08,409 [main] INFO mopCommerce_V001_Cucumber - *******      Setting email id & passsword      *******
2022-10-17 12:17:21,151 [main] INFO mopCommerce_V001_Cucumber - *******     Logging in the account       *******
2022-10-17 12:17:49,091 [main] INFO mopCommerce_V001_Cucumber - *******     Confirming the page title       *******
2022-10-17 12:17:49,526 [main] INFO mopCommerce_V001_Cucumber - *******      Logging out      *******
2022-10-17 12:18:03,838 [main] INFO mopCommerce_V001_Cucumber - *******     Confirming the page title       *******
2022-10-17 12:18:33,408 [main] INFO mopCommerce_V001_Cucumber - *******      Closing the browser      *******
2022-10-17 12:41:50,103 [main] INFO mopCommerce_V001_Cucumber - *******    Launching Browser     *******
2022-10-17 12:41:52,602 [main] INFO mopCommerce_V001_Cucumber - *******      Opening URL      *******
2022-10-17 12:42:29,209 [main] INFO mopCommerce_V001_Cucumber - *******      Setting email id & passsword      *******
2022-10-17 12:42:38,895 [main] INFO mopCommerce_V001_Cucumber - *******     Logging in the account       *******
2022-10-17 12:43:07,517 [main] INFO mopCommerce_V001_Cucumber - *******     Confirming the page title       *******
2022-10-17 12:43:07,760 [main] INFO mopCommerce_V001_Cucumber - *******      Clicking the Customer menu      *******
2022-10-17 12:43:10,886 [main] INFO mopCommerce_V001_Cucumber - *******      Clicking the Customer menu item      *******
2022-10-17 13:49:42,551 [main] INFO mopCommerce_V001_Cucumber - *******    Launching Browser     *******
2022-10-17 13:49:43,340 [main] INFO mopCommerce_V001_Cucumber - *******      Opening URL      *******
2022-10-17 13:49:51,762 [main] INFO mopCommerce_V001_Cucumber - *******      Setting email id & passsword      *******
2022-10-17 13:49:52,623 [main] INFO mopCommerce_V001_Cucumber - *******     Logging in the account       *******
2022-10-17 13:50:08,905 [main] INFO mopCommerce_V001_Cucumber - *******     Confirming the page title       *******
2022-10-17 13:50:08,988 [main] INFO mopCommerce_V001_Cucumber - *******      Clicking the Customer menu      *******
2022-10-17 13:50:09,435 [main] INFO mopCommerce_V001_Cucumber - *******      Clicking the Customer menu item      *******
2022-10-17 13:50:29,492 [main] INFO mopCommerce_V001_Cucumber - *******     Clicking add new customer button      *******
2022-10-17 13:50:54,913 [main] INFO mopCommerce_V001_Cucumber - *******      Confirming the add new customer page      *******
2022-10-17 13:50:54,951 [main] INFO mopCommerce_V001_Cucumber - *******      Providing the customer info      *******
2022-10-17 13:51:15,384 [main] INFO mopCommerce_V001_Cucumber - *******      Clicking the Save button      *******
2022-10-17 13:51:23,027 [main] INFO mopCommerce_V001_Cucumber - *******      Confirming the Save confirmation message       *******
2022-10-17 13:51:23,797 [main] INFO mopCommerce_V001_Cucumber - *******      Closing the browser      *******
2022-10-17 13:51:47,464 [main] INFO mopCommerce_V001_Cucumber - *******    Launching Browser     *******
2022-10-17 13:51:47,481 [main] INFO mopCommerce_V001_Cucumber - *******      Opening URL      *******
2022-10-17 13:51:51,802 [main] INFO mopCommerce_V001_Cucumber - *******      Setting email id & passsword      *******
2022-10-17 13:51:52,224 [main] INFO mopCommerce_V001_Cucumber - *******     Logging in the account       *******
2022-10-17 13:52:00,682 [main] INFO mopCommerce_V001_Cucumber - *******     Confirming the page title       *******
2022-10-17 13:52:00,692 [main] INFO mopCommerce_V001_Cucumber - *******      Logging out      *******
2022-10-17 13:52:04,215 [main] INFO mopCommerce_V001_Cucumber - *******     Confirming the page title       *******
2022-10-17 13:52:04,315 [main] INFO mopCommerce_V001_Cucumber - *******      Closing the browser      *******
2022-10-17 13:54:11,646 [main] INFO mopCommerce_V001_Cucumber - *******    Launching Browser     *******
2022-10-17 13:54:11,715 [main] INFO mopCommerce_V001_Cucumber - *******      Opening URL      *******
2022-10-17 13:54:18,699 [main] INFO mopCommerce_V001_Cucumber - *******      Setting email id & passsword      *******
2022-10-17 13:54:19,213 [main] INFO mopCommerce_V001_Cucumber - *******     Logging in the account       *******
2022-10-17 13:54:27,398 [main] INFO mopCommerce_V001_Cucumber - *******     Confirming the page title       *******
2022-10-17 13:54:27,427 [main] INFO mopCommerce_V001_Cucumber - *******      Clicking the Customer menu      *******
2022-10-17 13:54:27,728 [main] INFO mopCommerce_V001_Cucumber - *******      Clicking the Customer menu item      *******
2022-10-17 13:54:33,833 [main] INFO mopCommerce_V001_Cucumber - *******     Clicking add new customer button      *******
2022-10-17 13:54:47,081 [main] INFO mopCommerce_V001_Cucumber - *******      Confirming the add new customer page      *******
2022-10-17 13:54:47,112 [main] INFO mopCommerce_V001_Cucumber - *******      Providing the customer info      *******
2022-10-17 13:55:05,729 [main] INFO mopCommerce_V001_Cucumber - *******      Clicking the Save button      *******
2022-10-17 13:55:10,892 [main] INFO mopCommerce_V001_Cucumber - *******      Confirming the Save confirmation message       *******
2022-10-17 13:55:11,562 [main] INFO mopCommerce_V001_Cucumber - *******      Closing the browser      *******
2022-10-17 13:55:20,106 [main] INFO mopCommerce_V001_Cucumber - *******    Launching Browser     *******
2022-10-17 13:55:20,121 [main] INFO mopCommerce_V001_Cucumber - *******      Opening URL      *******
2022-10-17 13:55:25,561 [main] INFO mopCommerce_V001_Cucumber - *******      Setting email id & passsword      *******
2022-10-17 13:55:25,982 [main] INFO mopCommerce_V001_Cucumber - *******     Logging in the account       *******
2022-10-17 13:55:34,131 [main] INFO mopCommerce_V001_Cucumber - *******     Confirming the page title       *******
2022-10-17 13:55:34,154 [main] INFO mopCommerce_V001_Cucumber - *******      Logging out      *******
2022-10-17 13:55:36,815 [main] INFO mopCommerce_V001_Cucumber - *******     Confirming the page title       *******
2022-10-17 13:55:36,832 [main] INFO mopCommerce_V001_Cucumber - *******      Closing the browser      *******
2022-10-17 14:04:18,494 [main] INFO mopCommerce_V001_Cucumber - *******    Launching Browser     *******
2022-10-17 14:04:19,186 [main] INFO mopCommerce_V001_Cucumber - *******      Opening URL      *******
2022-10-17 14:04:25,386 [main] INFO mopCommerce_V001_Cucumber - *******      Setting email id & passsword      *******
2022-10-17 14:04:30,772 [main] INFO mopCommerce_V001_Cucumber - *******     Logging in the account       *******
2022-10-17 14:04:56,440 [main] INFO mopCommerce_V001_Cucumber - *******     Confirming the page title       *******
2022-10-17 14:04:56,470 [main] INFO mopCommerce_V001_Cucumber - *******      Clicking the Customer menu      *******
2022-10-17 14:04:56,646 [main] INFO mopCommerce_V001_Cucumber - *******      Clicking the Customer menu item      *******
2022-10-17 14:05:05,904 [main] INFO mopCommerce_V001_Cucumber - *******     Clicking add new customer button      *******
2022-10-17 14:05:21,954 [main] INFO mopCommerce_V001_Cucumber - *******      Confirming the add new customer page      *******
2022-10-17 14:05:22,001 [main] INFO mopCommerce_V001_Cucumber - *******      Providing the customer info      *******
2022-10-17 14:05:40,546 [main] INFO mopCommerce_V001_Cucumber - *******      Clicking the Save button      *******
2022-10-17 14:05:45,179 [main] INFO mopCommerce_V001_Cucumber - *******      Confirming the Save confirmation message       *******
2022-10-17 14:05:45,840 [main] INFO mopCommerce_V001_Cucumber - *******      Closing the browser      *******
2022-10-17 14:05:56,966 [main] INFO mopCommerce_V001_Cucumber - *******    Launching Browser     *******
2022-10-17 14:05:56,982 [main] INFO mopCommerce_V001_Cucumber - *******      Opening URL      *******
2022-10-17 14:05:59,831 [main] INFO mopCommerce_V001_Cucumber - *******      Setting email id & passsword      *******
2022-10-17 14:06:00,309 [main] INFO mopCommerce_V001_Cucumber - *******     Logging in the account       *******
2022-10-17 14:06:09,743 [main] INFO mopCommerce_V001_Cucumber - *******     Confirming the page title       *******
2022-10-17 14:06:09,806 [main] INFO mopCommerce_V001_Cucumber - *******      Logging out      *******
2022-10-17 14:06:12,050 [main] INFO mopCommerce_V001_Cucumber - *******     Confirming the page title       *******
2022-10-17 14:06:12,067 [main] INFO mopCommerce_V001_Cucumber - *******      Closing the browser      *******
2022-10-17 14:18:47,932 [main] INFO mopCommerce_V001_Cucumber - *******    Launching Browser     *******
2022-10-17 14:18:49,308 [main] INFO mopCommerce_V001_Cucumber - *******      Opening URL      *******
2022-10-17 14:18:53,233 [main] INFO mopCommerce_V001_Cucumber - *******      Setting email id & passsword      *******
2022-10-17 14:18:53,620 [main] INFO mopCommerce_V001_Cucumber - *******     Logging in the account       *******
2022-10-17 14:19:05,165 [main] INFO mopCommerce_V001_Cucumber - *******     Confirming the page title       *******
2022-10-17 14:19:05,274 [main] INFO mopCommerce_V001_Cucumber - *******      Logging out      *******
2022-10-17 14:19:09,153 [main] INFO mopCommerce_V001_Cucumber - *******     Confirming the page title       *******
2022-10-17 14:19:09,164 [main] INFO mopCommerce_V001_Cucumber - *******      Closing the browser      *******
